# JRE version: OpenJDK Runtime Environment Temurin-11.0.14.1+1 (11.0.14.1+1) (build 11.0.14.1+1)
# Java VM: OpenJDK 64-Bit Server VM Temurin-11.0.14.1+1 (11.0.14.1+1, mixed mode, tiered, compressed oops, g1 gc, windows-amd64)
Heap:
 garbage-first heap   total 115712K, used 32128K [0x0000000082c00000, 0x0000000100000000)
  region size 1024K, 2 young (2048K), 1 survivors (1024K)
 Metaspace       used 19321K, capacity 20302K, committed 21376K, reserved 1069056K
  class space    used 1786K, capacity 2124K, committed 2432K, reserved 1048576K
GC Heap History (20 events):
Event: 9669.644 GC heap before
{Heap before GC invocations=15557 (full 165):
 garbage-first heap   total 115712K, used 49538K [0x0000000082c00000, 0x0000000100000000)
  region size 1024K, 2 young (2048K), 1 survivors (1024K)
 Metaspace       used 19321K, capacity 20302K, committed 21376K, reserved 1069056K
  class space    used 1786K, capacity 2124K, committed 2432K, reserved 1048576K
}
Event: 9669.645 GC heap after
{Heap after GC invocations=15558 (full 165):
 garbage-first heap   total 115712K, used 23934K [0x0000000082c00000, 0x0000000100000000)
  region size 1024K, 1 young (1024K), 1 survivors (1024K)
 Metaspace       used 19321K, capacity 20302K, committed 21376K, reserved 1069056K
  class space    used 1786K, capacity 2124K, committed 2432K, reserved 1048576K
}
Event: 9670.427 GC heap before
{Heap before GC invocations=15559 (full 165):
 garbage-first heap   total 115712K, used 49534K [0x0000000082c00000, 0x0000000100000000)
  region size 1024K, 2 young (2048K), 1 survivors (1024K)
 Metaspace       used 19321K, capacity 20302K, committed 21376K, reserved 1069056K
  class space    used 1786K, capacity 2124K, committed 2432K, reserved 1048576K
}
Event: 9670.428 GC heap after
{Heap after GC invocations=15560 (full 165):
 garbage-first heap   total 115712K, used 23936K [0x0000000082c00000, 0x0000000100000000)
  region size 1024K, 1 young (1024K), 1 survivors (1024K)
 Metaspace       used 19321K, capacity 20302K, committed 21376K, reserved 1069056K
  class space    used 1786K, capacity 2124K, committed 2432K, reserved 1048576K
}
Event: 9671.195 GC heap before
{Heap before GC invocations=15561 (full 165):
 garbage-first heap   total 115712K, used 49536K [0x0000000082c00000, 0x0000000100000000)
  region size 1024K, 2 young (2048K), 1 survivors (1024K)
 Metaspace       used 19321K, capacity 20302K, committed 21376K, reserved 1069056K
  class space    used 1786K, capacity 2124K, committed 2432K, reserved 1048576K
}
Event: 9671.196 GC heap after
{Heap after GC invocations=15562 (full 165):
 garbage-first heap   total 115712K, used 23936K [0x0000000082c00000, 0x0000000100000000)
  region size 1024K, 1 young (1024K), 1 survivors (1024K)
 Metaspace       used 19321K, capacity 20302K, committed 21376K, reserved 1069056K
  class space    used 1786K, capacity 2124K, committed 2432K, reserved 1048576K
}
Event: 9671.981 GC heap before
{Heap before GC invocations=15563 (full 165):
 garbage-first heap   total 115712K, used 49536K [0x0000000082c00000, 0x0000000100000000)
  region size 1024K, 2 young (2048K), 1 survivors (1024K)
 Metaspace       used 19321K, capacity 20302K, committed 21376K, reserved 1069056K
  class space    used 1786K, capacity 2124K, committed 2432K, reserved 1048576K
}
Event: 9671.982 GC heap after
{Heap after GC invocations=15564 (full 165):
 garbage-first heap   total 115712K, used 23938K [0x0000000082c00000, 0x0000000100000000)
  region size 1024K, 1 young (1024K), 1 survivors (1024K)
 Metaspace       used 19321K, capacity 20302K, committed 21376K, reserved 1069056K
  class space    used 1786K, capacity 2124K, committed 2432K, reserved 1048576K
}
Event: 9672.747 GC heap before
{Heap before GC invocations=15565 (full 165):
 garbage-first heap   total 115712K, used 49538K [0x0000000082c00000, 0x0000000100000000)
  region size 1024K, 2 young (2048K), 1 survivors (1024K)
 Metaspace       used 19321K, capacity 20302K, committed 21376K, reserved 1069056K
  class space    used 1786K, capacity 2124K, committed 2432K, reserved 1048576K
}
Event: 9672.748 GC heap after
{Heap after GC invocations=15566 (full 165):
 garbage-first heap   total 115712K, used 23936K [0x0000000082c00000, 0x0000000100000000)
  region size 1024K, 1 young (1024K), 1 survivors (1024K)
 Metaspace       used 19321K, capacity 20302K, committed 21376K, reserved 1069056K
  class space    used 1786K, capacity 2124K, committed 2432K, reserved 1048576K
}
Event: 9673.515 GC heap before
{Heap before GC invocations=15567 (full 165):
 garbage-first heap   total 115712K, used 49536K [0x0000000082c00000, 0x0000000100000000)
  region size 1024K, 2 young (2048K), 1 survivors (1024K)
 Metaspace       used 19321K, capacity 20302K, committed 21376K, reserved 1069056K
  class space    used 1786K, capacity 2124K, committed 2432K, reserved 1048576K
}
Event: 9673.517 GC heap after
{Heap after GC invocations=15568 (full 165):
 garbage-first heap   total 115712K, used 23938K [0x0000000082c00000, 0x0000000100000000)
  region size 1024K, 1 young (1024K), 1 survivors (1024K)
 Metaspace       used 19321K, capacity 20302K, committed 21376K, reserved 1069056K
  class space    used 1786K, capacity 2124K, committed 2432K, reserved 1048576K
}
Event: 9674.301 GC heap before
{Heap before GC invocations=15569 (full 165):
 garbage-first heap   total 115712K, used 49538K [0x0000000082c00000, 0x0000000100000000)
  region size 1024K, 2 young (2048K), 1 survivors (1024K)
 Metaspace       used 19321K, capacity 20302K, committed 21376K, reserved 1069056K
  class space    used 1786K, capacity 2124K, committed 2432K, reserved 1048576K
}
Event: 9674.302 GC heap after
{Heap after GC invocations=15570 (full 165):
 garbage-first heap   total 115712K, used 23938K [0x0000000082c00000, 0x0000000100000000)
  region size 1024K, 1 young (1024K), 1 survivors (1024K)
 Metaspace       used 19321K, capacity 20302K, committed 21376K, reserved 1069056K
  class space    used 1786K, capacity 2124K, committed 2432K, reserved 1048576K
}
Event: 9675.069 GC heap before
{Heap before GC invocations=15571 (full 165):
 garbage-first heap   total 115712K, used 49538K [0x0000000082c00000, 0x0000000100000000)
  region size 1024K, 2 young (2048K), 1 survivors (1024K)
 Metaspace       used 19321K, capacity 20302K, committed 21376K, reserved 1069056K
  class space    used 1786K, capacity 2124K, committed 2432K, reserved 1048576K
}
Event: 9675.070 GC heap after
{Heap after GC invocations=15572 (full 165):
 garbage-first heap   total 115712K, used 23936K [0x0000000082c00000, 0x0000000100000000)
  region size 1024K, 1 young (1024K), 1 survivors (1024K)
 Metaspace       used 19321K, capacity 20302K, committed 21376K, reserved 1069056K
  class space    used 1786K, capacity 2124K, committed 2432K, reserved 1048576K
}
Event: 9675.837 GC heap before
{Heap before GC invocations=15573 (full 165):
 garbage-first heap   total 115712K, used 49536K [0x0000000082c00000, 0x0000000100000000)
  region size 1024K, 2 young (2048K), 1 survivors (1024K)
 Metaspace       used 19321K, capacity 20302K, committed 21376K, reserved 1069056K
  class space    used 1786K, capacity 2124K, committed 2432K, reserved 1048576K
}
Event: 9675.838 GC heap after
{Heap after GC invocations=15574 (full 165):
 garbage-first heap   total 115712K, used 23936K [0x0000000082c00000, 0x0000000100000000)
  region size 1024K, 1 young (1024K), 1 survivors (1024K)
 Metaspace       used 19321K, capacity 20302K, committed 21376K, reserved 1069056K
  class space    used 1786K, capacity 2124K, committed 2432K, reserved 1048576K
}
Event: 9676.620 GC heap before
{Heap before GC invocations=15575 (full 165):
 garbage-first heap   total 115712K, used 49536K [0x0000000082c00000, 0x0000000100000000)
  region size 1024K, 2 young (2048K), 1 survivors (1024K)
 Metaspace       used 19321K, capacity 20302K, committed 21376K, reserved 1069056K
  class space    used 1786K, capacity 2124K, committed 2432K, reserved 1048576K
}
Event: 9676.621 GC heap after
{Heap after GC invocations=15576 (full 165):
 garbage-first heap   total 115712K, used 23936K [0x0000000082c00000, 0x0000000100000000)
  region size 1024K, 1 young (1024K), 1 survivors (1024K)
 Metaspace       used 19321K, capacity 20302K, committed 21376K, reserved 1069056K
  class space    used 1786K, capacity 2124K, committed 2432K, reserved 1048576K
}

